<?xml version="1.0" encoding="UTF-8"?>
<robot generator="Robot 7.4.2 (Python 3.14.3 on win32)" generated="2026-04-25T14:43:44.010721" rpa="false" schemaversion="5">
<suite id="s1" name="CU GestionarCatalogo" source="C:\Users\Alici\PycharmProjects\Pruebas_RADBIKES\Tests\CU_GestionarCatalogo.robot">
<test id="s1-t1" name="CP09 Editar Producto Con Campos Vacios" line="111">
<kw name="Abrir navegador en login" owner="Keywords">
<kw name="Open Browser" owner="SeleniumLibrary">
<msg time="2026-04-25T14:43:44.366983" level="INFO">Opening browser 'Chrome' to base url 'http://localhost:3000/'.</msg>
<msg time="2026-04-25T14:43:44.540045" level="WARN">The chromedriver version (146.0.7680.165) detected in PATH at C:\bin\chromedriver.exe might not be compatible with the detected chrome version (147.0.7727.102); currently, chromedriver 147.0.7727.117 is recommended for chrome 147.*, so it is advised to delete the driver in PATH and retry</msg>
<arg>${URL}</arg>
<arg>${BROWSER}</arg>
<arg>options=add_argument('--incognito')</arg>
<doc>Opens a new browser instance to the optional ``url``.</doc>
<status status="PASS" start="2026-04-25T14:43:44.366403" elapsed="1.233036"/>
</kw>
<status status="PASS" start="2026-04-25T14:43:44.365221" elapsed="1.235248"/>
</kw>
<kw name="Iniciar sesion" owner="Keywords">
<kw name="Input Text" owner="SeleniumLibrary">
<msg time="2026-04-25T14:43:45.604834" level="INFO">Typing text 'plunal' into text field 'id=username'.</msg>
<arg>id=username</arg>
<arg>${USER_VALIDO}</arg>
<doc>Types the given ``text`` into the text field identified by ``locator``.</doc>
<status status="PASS" start="2026-04-25T14:43:45.602379" elapsed="1.056933"/>
</kw>
<kw name="Input Text" owner="SeleniumLibrary">
<msg time="2026-04-25T14:43:46.661784" level="INFO">Typing text 'crujones' into text field 'id=password'.</msg>
<arg>id=password</arg>
<arg>${PASS_VALIDA}</arg>
<doc>Types the given ``text`` into the text field identified by ``locator``.</doc>
<status status="PASS" start="2026-04-25T14:43:46.659947" elapsed="0.198331"/>
</kw>
<kw name="Click Element" owner="SeleniumLibrary">
<msg time="2026-04-25T14:43:46.859591" level="INFO">Clicking element 'xpath=//span[contains(text(),"Ingresar")]'.</msg>
<arg>xpath=//span[contains(text(),"Ingresar")]</arg>
<doc>Click the element identified by ``locator``.</doc>
<status status="PASS" start="2026-04-25T14:43:46.858882" elapsed="0.112193"/>
</kw>
<kw name="Wait Until Page Contains" owner="SeleniumLibrary">
<arg>Gestión de Catálogo</arg>
<doc>Waits until ``text`` appears on the current page.</doc>
<status status="PASS" start="2026-04-25T14:43:46.971736" elapsed="1.413476"/>
</kw>
<status status="PASS" start="2026-04-25T14:43:45.601199" elapsed="2.784325"/>
</kw>
<kw name="Wait Until Page Contains" owner="SeleniumLibrary">
<arg>${NOMBRE_PRODUCTO}</arg>
<doc>Waits until ``text`` appears on the current page.</doc>
<status status="PASS" start="2026-04-25T14:43:48.385805" elapsed="0.508749"/>
</kw>
<kw name="Click Element" owner="SeleniumLibrary">
<msg time="2026-04-25T14:43:48.896757" level="INFO">Clicking element 'xpath=//tr[contains(., 'XTA DS 2024')]//button[@title="Editar"]'.</msg>
<arg>xpath=//tr[contains(., '${NOMBRE_PRODUCTO}')]//button[@title="Editar"]</arg>
<doc>Click the element identified by ``locator``.</doc>
<status status="PASS" start="2026-04-25T14:43:48.895252" elapsed="0.354969"/>
</kw>
<kw name="Wait Until Element Is Visible" owner="SeleniumLibrary">
<arg>xpath=//h2[contains(text(),"Editar Producto")]</arg>
<doc>Waits until the element ``locator`` is visible.</doc>
<status status="PASS" start="2026-04-25T14:43:49.250727" elapsed="0.047987"/>
</kw>
<kw name="Input Text" owner="SeleniumLibrary">
<msg time="2026-04-25T14:43:49.300503" level="INFO">Typing text '"' into text field 'id=nombreProducto'.</msg>
<arg>id=nombreProducto</arg>
<arg>"</arg>
<doc>Types the given ``text`` into the text field identified by ``locator``.</doc>
<status status="PASS" start="2026-04-25T14:43:49.299338" elapsed="0.172323"/>
</kw>
<kw name="Press Keys" owner="SeleniumLibrary">
<msg time="2026-04-25T14:43:49.473666" level="INFO">Sending key(s) ('BACKSPACE',) to id=nombreProducto element.</msg>
<msg time="2026-04-25T14:43:49.830180" level="INFO">Pressing special key BACKSPACE to element.</msg>
<msg time="2026-04-25T14:43:49.830496" level="INFO">Releasing special key BACKSPACE.</msg>
<arg>id=nombreProducto</arg>
<arg>BACKSPACE</arg>
<doc>Simulates the user pressing key(s) to an element or on the active browser.</doc>
<status status="PASS" start="2026-04-25T14:43:49.472431" elapsed="0.394680"/>
</kw>
<kw name="Input Text" owner="SeleniumLibrary">
<msg time="2026-04-25T14:43:49.868107" level="INFO">Typing text '"' into text field 'id=sku'.</msg>
<arg>id=sku</arg>
<arg>"</arg>
<doc>Types the given ``text`` into the text field identified by ``locator``.</doc>
<status status="PASS" start="2026-04-25T14:43:49.867567" elapsed="0.127359"/>
</kw>
<kw name="Press Keys" owner="SeleniumLibrary">
<msg time="2026-04-25T14:43:49.996202" level="INFO">Sending key(s) ('BACKSPACE',) to id=sku element.</msg>
<msg time="2026-04-25T14:43:50.303129" level="INFO">Pressing special key BACKSPACE to element.</msg>
<msg time="2026-04-25T14:43:50.303445" level="INFO">Releasing special key BACKSPACE.</msg>
<arg>id=sku</arg>
<arg>BACKSPACE</arg>
<doc>Simulates the user pressing key(s) to an element or on the active browser.</doc>
<status status="PASS" start="2026-04-25T14:43:49.995332" elapsed="0.348774"/>
</kw>
<kw name="Input Text" owner="SeleniumLibrary">
<msg time="2026-04-25T14:43:50.345479" level="INFO">Typing text '"' into text field 'id=codigoBarras'.</msg>
<arg>id=codigoBarras</arg>
<arg>"</arg>
<doc>Types the given ``text`` into the text field identified by ``locator``.</doc>
<status status="PASS" start="2026-04-25T14:43:50.344714" elapsed="0.296219"/>
</kw>
<kw name="Press Keys" owner="SeleniumLibrary">
<msg time="2026-04-25T14:43:50.643197" level="INFO">Sending key(s) ('BACKSPACE',) to id=codigoBarras element.</msg>
<msg time="2026-04-25T14:43:50.950374" level="INFO">Pressing special key BACKSPACE to element.</msg>
<msg time="2026-04-25T14:43:50.950616" level="INFO">Releasing special key BACKSPACE.</msg>
<arg>id=codigoBarras</arg>
<arg>BACKSPACE</arg>
<doc>Simulates the user pressing key(s) to an element or on the active browser.</doc>
<status status="PASS" start="2026-04-25T14:43:50.641841" elapsed="0.345437"/>
</kw>
<kw name="Click Button" owner="SeleniumLibrary">
<msg time="2026-04-25T14:43:50.988511" level="INFO">Clicking button 'xpath=//button[text()="Guardar Cambios"]'.</msg>
<arg>xpath=//button[text()="Guardar Cambios"]</arg>
<doc>Clicks the button identified by ``locator``.</doc>
<status status="PASS" start="2026-04-25T14:43:50.987802" elapsed="0.140591"/>
</kw>
<kw name="Page Should Contain" owner="SeleniumLibrary">
<msg time="2026-04-25T14:43:51.152457" level="INFO">Current page contains text 'El nombre es requerido'.</msg>
<arg>El nombre es requerido</arg>
<doc>Verifies that current page contains ``text``.</doc>
<status status="PASS" start="2026-04-25T14:43:51.128926" elapsed="0.023949"/>
</kw>
<kw name="Page Should Contain" owner="SeleniumLibrary">
<msg time="2026-04-25T14:43:51.173450" level="INFO">Current page contains text 'El SKU es requerido'.</msg>
<arg>El SKU es requerido</arg>
<doc>Verifies that current page contains ``text``.</doc>
<status status="PASS" start="2026-04-25T14:43:51.153257" elapsed="0.020485"/>
</kw>
<kw name="Page Should Contain" owner="SeleniumLibrary">
<msg time="2026-04-25T14:43:51.401669" level="INFO" html="true">&lt;/td&gt;&lt;/tr&gt;&lt;tr&gt;&lt;td colspan="3"&gt;&lt;a href="selenium-screenshot-40.png"&gt;&lt;img src="selenium-screenshot-40.png" width="800px"&gt;&lt;/a&gt;</msg>
<msg time="2026-04-25T14:43:51.402185" level="FAIL">Page should have contained text 'El código de barras es requerido' but did not.</msg>
<arg>El código de barras es requerido</arg>
<doc>Verifies that current page contains ``text``.</doc>
<status status="FAIL" start="2026-04-25T14:43:51.174033" elapsed="0.232918">Page should have contained text 'El código de barras es requerido' but did not.</status>
</kw>
<doc>Verifica error al ingresar valores negativos en precio/stock</doc>
<status status="FAIL" start="2026-04-25T14:43:44.364064" elapsed="7.043347">Page should have contained text 'El código de barras es requerido' but did not.</status>
</test>
<status status="FAIL" start="2026-04-25T14:43:44.025963" elapsed="7.382492"/>
</suite>
<statistics>
<total>
<stat pass="0" fail="1" skip="0">All Tests</stat>
</total>
<tag>
</tag>
<suite>
<stat name="CU GestionarCatalogo" id="s1" pass="0" fail="1" skip="0">CU GestionarCatalogo</stat>
</suite>
</statistics>
<errors>
<msg time="2026-04-25T14:43:44.540045" level="WARN">The chromedriver version (146.0.7680.165) detected in PATH at C:\bin\chromedriver.exe might not be compatible with the detected chrome version (147.0.7727.102); currently, chromedriver 147.0.7727.117 is recommended for chrome 147.*, so it is advised to delete the driver in PATH and retry</msg>
</errors>
</robot>
